Сборка начата 17.12.2024 21:56:52.
Уровень детализации журнала: Normal.     1>Проект "C:\Users\user\OneDrive\Рабочий стол\Лабы по ОАиП\привет\привет.vcxproj" в узле 2 (целевые объекты Build).
     1>PrepareForBuild:
         Структурированный вывод включен. Форматирование диагностики компилятора будет отражать иерархию ошибок. Подробнее см. https://aka.ms/cpp/structured-output.
       InitializeBuildStatus:
         Обращение к "привет\x64\Debug\привет.tlog\unsuccessfulbuild".
       ClCompile:
         C:\Program Files\Microsoft Visual Studio\2022\Community\VC\Tools\MSVC\14.42.34433\bin\HostX64\x64\CL.exe /c /ZI /JMC /nologo /W3 /WX- /diagnostics:column /sdl /Od /D _DEBUG /D _CONSOLE /D _UNICODE /D UNICODE /Gm- /EHsc /RTC1 /MDd /GS /fp:precise /Zc:wchar_t /Zc:forScope /Zc:inline /permissive- /Fo"привет\x64\Debug\\" /Fd"привет\x64\Debug\vc143.pdb" /external:W3 /Gd /TP /FC /errorReport:prompt "привет.cpp"
         привет.cpp
     1>C:\Program Files\Microsoft Visual Studio\2022\Community\VC\Tools\MSVC\14.42.34433\include\optional(11): warning STL4038: The contents of <optional> are available only with C++17 or later.
     1>C:\Users\user\OneDrive\Рабочий стол\Лабы по ОАиП\привет\привет.cpp(6,6): error C2039: "optional": не является членом "std".
             C:\Program Files\Microsoft Visual Studio\2022\Community\VC\Tools\MSVC\14.42.34433\include\vector(29,1):
              см. объявление "std"
         
     1>C:\Users\user\OneDrive\Рабочий стол\Лабы по ОАиП\привет\привет.cpp(6,14): error C2143: синтаксическая ошибка: отсутствие ";" перед "<"
     1>C:\Users\user\OneDrive\Рабочий стол\Лабы по ОАиП\привет\привет.cpp(6,6): error C4430: отсутствует спецификатор типа - предполагается int. Примечание. C++ не поддерживает int по умолчанию
     1>C:\Users\user\OneDrive\Рабочий стол\Лабы по ОАиП\привет\привет.cpp(6,14): error C2059: синтаксическая ошибка: <
     1>C:\Users\user\OneDrive\Рабочий стол\Лабы по ОАиП\привет\привет.cpp(6,73): error C2143: синтаксическая ошибка: отсутствие ";" перед "{"
     1>C:\Users\user\OneDrive\Рабочий стол\Лабы по ОАиП\привет\привет.cpp(6,73): error C2447: {: отсутствует заголовок функции (возможно, используется формальный список старого типа)
     1>Сборка проекта "C:\Users\user\OneDrive\Рабочий стол\Лабы по ОАиП\привет\привет.vcxproj" завершена (целевые объекты Build) с ошибкой.

Ошибка сборки.

       "C:\Users\user\OneDrive\Рабочий стол\Лабы по ОАиП\привет\привет.vcxproj" (целевой объект Build ) (1) ->
       (Целевой объект ClCompile) -> 
         C:\Program Files\Microsoft Visual Studio\2022\Community\VC\Tools\MSVC\14.42.34433\include\optional(11): warning STL4038: The contents of <optional> are available only with C++17 or later.


       "C:\Users\user\OneDrive\Рабочий стол\Лабы по ОАиП\привет\привет.vcxproj" (целевой объект Build ) (1) ->
       (Целевой объект ClCompile) -> 
         C:\Users\user\OneDrive\Рабочий стол\Лабы по ОАиП\привет\привет.cpp(6,6): error C2039: "optional": не является членом "std".
         C:\Users\user\OneDrive\Рабочий стол\Лабы по ОАиП\привет\привет.cpp(6,14): error C2143: синтаксическая ошибка: отсутствие ";" перед "<"
         C:\Users\user\OneDrive\Рабочий стол\Лабы по ОАиП\привет\привет.cpp(6,6): error C4430: отсутствует спецификатор типа - предполагается int. Примечание. C++ не поддерживает int по умолчанию
         C:\Users\user\OneDrive\Рабочий стол\Лабы по ОАиП\привет\привет.cpp(6,14): error C2059: синтаксическая ошибка: <
         C:\Users\user\OneDrive\Рабочий стол\Лабы по ОАиП\привет\привет.cpp(6,73): error C2143: синтаксическая ошибка: отсутствие ";" перед "{"
         C:\Users\user\OneDrive\Рабочий стол\Лабы по ОАиП\привет\привет.cpp(6,73): error C2447: {: отсутствует заголовок функции (возможно, используется формальный список старого типа)

    Предупреждений: 1
    Ошибок: 6

Прошло времени 00:00:00.81
