Сборка начата 25.11.2024 17:41:55.
Уровень детализации журнала: Normal.     1>Проект "C:\Users\user\OneDrive\Рабочий стол\Лабы по ОАиП\Лаб 12-доп\Лаб 12-доп.vcxproj" в узле 2 (целевые объекты Build).
     1>PrepareForBuild:
         Структурированный вывод включен. Форматирование диагностики компилятора будет отражать иерархию ошибок. Подробнее см. https://aka.ms/cpp/structured-output.
       InitializeBuildStatus:
         Создание "x64\Debug\Лаб 12-доп.tlog\unsuccessfulbuild", так как было задано "AlwaysCreate".
         Обращение к "x64\Debug\Лаб 12-доп.tlog\unsuccessfulbuild".
       ClCompile:
         C:\Program Files\Microsoft Visual Studio\2022\Community\VC\Tools\MSVC\14.40.33807\bin\HostX64\x64\CL.exe /c /ZI /JMC /nologo /W3 /WX- /diagnostics:column /sdl /Od /D _DEBUG /D _CONSOLE /D _UNICODE /D UNICODE /Gm- /EHsc /RTC1 /MDd /GS /fp:precise /Zc:wchar_t /Zc:forScope /Zc:inline /permissive- /Fo"x64\Debug\\" /Fd"x64\Debug\vc143.pdb" /external:W3 /Gd /TP /FC /errorReport:prompt "Лаб 12-доп.cpp"
         Лаб 12-доп.cpp
       Link:
         C:\Program Files\Microsoft Visual Studio\2022\Community\VC\Tools\MSVC\14.40.33807\bin\HostX64\x64\link.exe /ERRORREPORT:PROMPT /OUT:"C:\Users\user\OneDrive\Рабочий стол\Лабы по ОАиП\Лаб 12\x64\Debug\Лаб 12-доп.exe" /INCREMENTAL /ILK:"x64\Debug\Лаб 12-доп.ilk" /NOLOGO kernel32.lib user32.lib gdi32.lib winspool.lib comdlg32.lib advapi32.lib shell32.lib ole32.lib oleaut32.lib uuid.lib odbc32.lib odbccp32.lib /MANIFEST /MANIFESTUAC:"level='asInvoker' uiAccess='false'" /manifest:embed /DEBUG /PDB:"C:\Users\user\OneDrive\Рабочий стол\Лабы по ОАиП\Лаб 12\x64\Debug\Лаб 12-доп.pdb" /SUBSYSTEM:CONSOLE /TLBID:1 /DYNAMICBASE /NXCOMPAT /IMPLIB:"C:\Users\user\OneDrive\Рабочий стол\Лабы по ОАиП\Лаб 12\x64\Debug\Лаб 12-доп.lib" /MACHINE:X64 "x64\Debug\Лаб 12-доп.obj"
         Лаб 12-доп.vcxproj -> C:\Users\user\OneDrive\Рабочий стол\Лабы по ОАиП\Лаб 12\x64\Debug\Лаб 12-доп.exe
       FinalizeBuildStatus:
         Файл "x64\Debug\Лаб 12-доп.tlog\unsuccessfulbuild" удаляется.
         Обращение к "x64\Debug\Лаб 12-доп.tlog\Лаб 12-доп.lastbuildstate".
     1>Сборка проекта "C:\Users\user\OneDrive\Рабочий стол\Лабы по ОАиП\Лаб 12-доп\Лаб 12-доп.vcxproj" завершена (целевые объекты Build).

Сборка успешно завершена.
    Предупреждений: 0
    Ошибок: 0

Прошло времени 00:00:00.87
